<?xml version="1.0" encoding="UTF-8"?>
<!-- Generated by org.testng.reporters.JUnitReportReporter -->
<testsuite hostname="INHYNRBORA1" name="tests.GoogleHomePage" tests="1" failures="0" timestamp="22 Jan 2019 10:28:56 GMT" time="6.370" errors="0">
  <testcase name="openMyBlog" time="6.370" classname="tests.GoogleHomePage"/>
</testsuite> <!-- tests.GoogleHomePage -->
