<?xml version="1.0" encoding="UTF-8"?>
<!-- Generated by org.testng.reporters.JUnitReportReporter -->
<testsuite hostname="DESKTOP-922752F" name="tests.GoogleHomePage" tests="1" failures="0" timestamp="21 Jan 2019 18:00:27 GMT" time="11.514" errors="0">
  <testcase name="openMyBlog" time="11.514" classname="tests.GoogleHomePage"/>
</testsuite> <!-- tests.GoogleHomePage -->
