<?xml version="1.0" encoding="UTF-8"?>
<!-- Generated by org.testng.reporters.JUnitReportReporter -->
<testsuite skipped="0" hostname="DESKTOP-922752F" name="tests.GoogleHomePage" tests="1" failures="0" timestamp="21 Jan 2019 17:24:37 GMT" time="8.213" errors="0">
  <testcase name="openMyBlog" time="8.213" classname="tests.GoogleHomePage"/>
</testsuite> <!-- tests.GoogleHomePage -->
